<?xml version="1.0" encoding="UTF-8"?>
<testsuite name=": Logueo de usuario en aplicacion" tests="1" skipped="0" failures="0" errors="0" timestamp="2022-05-02T20:14:47" hostname="CHMEPPF34MMMS" time="64.244">
  <properties/>
  <testcase name=":  Validacion de acceso a la aplicacion" classname=": Logueo de usuario en aplicacion" time="64.244"/>
  <system-out><![CDATA[]]></system-out>
  <system-err><![CDATA[may 02, 2022 3:15:39 PM io.appium.java_client.remote.AppiumCommandExecutor$1 lambda$0
INFORMACIÓN: Detected dialect: W3C
[Test worker] INFO net.thucydides.core.steps.ConsoleLoggingListener - 
        __    _____ _____ ____ _____   ____   _    ____  ____  _____ ____  
  _     \ \  |_   _| ____/ ___|_   _| |  _ \ / \  / ___|/ ___|| ____|  _ \ 
 (_)_____| |   | | |  _| \___ \ | |   | |_) / _ \ \___ \\___ \|  _| | | | |
  _|_____| |   | | | |___ ___) || |   |  __/ ___ \ ___) |___) | |___| |_| |
 (_)     | |   |_| |_____|____/ |_|   |_| /_/   \_\____/|____/|_____|____/ 
        /_/                                                                

TEST PASSED: :  Validacion de acceso a la aplicacion
----------------------------------------------------------------------------
]]></system-err>
</testsuite>
